Dec 21 14:45:13[25015] Set use_combining=false forcibly to enable use_dynamic_comb.
Dec 21 14:45:13[25015] _XROOTPMAP_ID is not found. Trying ParentRelative for transparency instead.
Dec 21 14:45:13[25015] (brightness, contrast, gamma and alpha options are ignored)
Dec 21 14:45:18[25015] Font(id 0) width(22) is not matched with standard width(18).
Jan  4 20:19:52[29600] Set use_combining=false forcibly to enable use_dynamic_comb.
Jan 29 13:09:21[1070] Set use_combining=false forcibly to enable use_dynamic_comb.
Jan 29 13:09:27[1070] Font(id 0) width(22) is not matched with standard width(18).
May 25 19:42:15[12961] Set use_combining=false forcibly to enable use_dynamic_comb.
Sep  9 21:25:16[25214] Set use_combining=false forcibly to enable use_dynamic_comb.
Sep  9 21:25:22[25485] Set use_combining=false forcibly to enable use_dynamic_comb.
Sep  9 21:26:43[25875] Set use_combining=false forcibly to enable use_dynamic_comb.
Sep  9 21:28:27[26863] Set use_combining=false forcibly to enable use_dynamic_comb.
Sep  9 21:28:33[26863] Font(id 400) width(22) is not matched with standard width(18).
Sep  9 22:06:38[38303] Set use_combining=false forcibly to enable use_dynamic_comb.
Sep  9 22:08:35[38722] Set use_combining=false forcibly to enable use_dynamic_comb.
Sep  9 23:42:16[64731] Set use_combining=false forcibly to enable use_dynamic_comb.
Sep  9 23:44:50[66119] Set use_combining=false forcibly to enable use_dynamic_comb.
Sep  9 23:49:22[66606] Set use_combining=false forcibly to enable use_dynamic_comb.
Sep 10 00:01:06[72149] Set use_combining=false forcibly to enable use_dynamic_comb.
Sep 10 00:17:33[82426] Set use_combining=false forcibly to enable use_dynamic_comb.
Sep 10 00:29:38[83731] Set use_combining=false forcibly to enable use_dynamic_comb.
Sep 10 00:30:41[84069] Set use_combining=false forcibly to enable use_dynamic_comb.
Sep 10 00:34:18[84545] Set use_combining=false forcibly to enable use_dynamic_comb.
Sep 10 00:44:59[85656] Set use_combining=false forcibly to enable use_dynamic_comb.
Sep 10 01:00:35[89109] Set use_combining=false forcibly to enable use_dynamic_comb.
Sep 10 01:18:36[84545] Font(id 2d1) width(46) is not matched with standard width(36).
Sep 10 02:28:16[180879] Set use_combining=false forcibly to enable use_dynamic_comb.
Sep 10 02:28:21[180960] Set use_combining=false forcibly to enable use_dynamic_comb.
Sep 10 02:28:28[181095] Set use_combining=false forcibly to enable use_dynamic_comb.
Sep 10 02:28:50[181830] Set use_combining=false forcibly to enable use_dynamic_comb.
Sep 10 02:28:59[182005] Set use_combining=false forcibly to enable use_dynamic_comb.
Sep 10 02:33:03[187073] Set use_combining=false forcibly to enable use_dynamic_comb.
Sep 10 02:33:34[187864] Set use_combining=false forcibly to enable use_dynamic_comb.
Sep 12 02:39:51[104380] Set use_combining=false forcibly to enable use_dynamic_comb.
Sep 12 02:43:08[104380] Font(id 72d1) width(138) is not matched with standard width(36).
May  9 07:57:31[1037207] Set use_combining=false forcibly to enable use_dynamic_comb.
May  9 07:57:53[1037207] Font(id 6d1) width(40) is not matched with standard width(44).
May 11 22:12:05[155735] Set use_combining=false forcibly to enable use_dynamic_comb.
May 12 06:20:00[295783] Set use_combining=false forcibly to enable use_dynamic_comb.
May 20 15:56:59[1632282] Set use_combining=false forcibly to enable use_dynamic_comb.
May 23 17:23:43[102246] Set use_combining=false forcibly to enable use_dynamic_comb.
May 30 08:06:02[221518] Set use_combining=false forcibly to enable use_dynamic_comb.
May 30 19:55:38[399912] Set use_combining=false forcibly to enable use_dynamic_comb.
May 30 19:56:24[400369] Set use_combining=false forcibly to enable use_dynamic_comb.
May 30 19:56:33[400730] Set use_combining=false forcibly to enable use_dynamic_comb.
May 30 19:56:51[401011] Set use_combining=false forcibly to enable use_dynamic_comb.
May 30 19:59:41[401011] Font(id 6d1) width(40) is not matched with standard width(44).
May 30 20:00:13[402287] Set use_combining=false forcibly to enable use_dynamic_comb.
May 30 20:00:54[402697] Set use_combining=false forcibly to enable use_dynamic_comb.
Jun  9 12:29:16[16522] Set use_combining=false forcibly to enable use_dynamic_comb.
Jun 14 13:38:36[1018331] Set use_combining=false forcibly to enable use_dynamic_comb.
Jun 14 13:38:45[1018460] Set use_combining=false forcibly to enable use_dynamic_comb.
Jun 24 14:41:12[809314] Set use_combining=false forcibly to enable use_dynamic_comb.
Jun 30 20:49:56[882532] Set use_combining=false forcibly to enable use_dynamic_comb.
Jun 30 20:50:30[882936] Set use_combining=false forcibly to enable use_dynamic_comb.
Jun 30 22:51:47[931311] Set use_combining=false forcibly to enable use_dynamic_comb.
Jul  1 14:31:02[106887] Set use_combining=false forcibly to enable use_dynamic_comb.
Jul  1 17:09:48[191124] Set use_combining=false forcibly to enable use_dynamic_comb.
Jul  1 17:10:12[191565] Set use_combining=false forcibly to enable use_dynamic_comb.
Jul  1 17:12:20[192436] Set use_combining=false forcibly to enable use_dynamic_comb.
Jul  1 17:12:34[192918] Set use_combining=false forcibly to enable use_dynamic_comb.
Jul  1 17:17:23[195494] Set use_combining=false forcibly to enable use_dynamic_comb.
Jul  1 17:17:37[195757] Set use_combining=false forcibly to enable use_dynamic_comb.
Jul  1 17:17:49[196062] Set use_combining=false forcibly to enable use_dynamic_comb.
Jul  1 17:19:16[196676] Set use_combining=false forcibly to enable use_dynamic_comb.
Jul  1 17:22:37[198732] Set use_combining=false forcibly to enable use_dynamic_comb.
Jul  1 17:24:19[199832] Set use_combining=false forcibly to enable use_dynamic_comb.
Jul  1 17:25:54[200861] Set use_combining=false forcibly to enable use_dynamic_comb.
Jul  1 17:26:03[201044] Set use_combining=false forcibly to enable use_dynamic_comb.
Jul  1 17:27:20[201704] Set use_combining=false forcibly to enable use_dynamic_comb.
Jul  1 17:27:31[202008] Set use_combining=false forcibly to enable use_dynamic_comb.
Jul  1 17:31:00[203101] Set use_combining=false forcibly to enable use_dynamic_comb.
Jul  1 17:31:18[203552] Set use_combining=false forcibly to enable use_dynamic_comb.
Jul  1 17:31:48[203928] Set use_combining=false forcibly to enable use_dynamic_comb.
Jul  1 17:32:08[204324] Set use_combining=false forcibly to enable use_dynamic_comb.
Jul  1 17:38:34[206749] Set use_combining=false forcibly to enable use_dynamic_comb.
Jul  1 17:42:39[208774] Set use_combining=false forcibly to enable use_dynamic_comb.
Jul  1 17:43:27[209651] Set use_combining=false forcibly to enable use_dynamic_comb.
Jul  1 17:44:03[210277] Set use_combining=false forcibly to enable use_dynamic_comb.
Jul  1 17:45:12[211254] Set use_combining=false forcibly to enable use_dynamic_comb.
Jul  1 17:47:37[212143] Set use_combining=false forcibly to enable use_dynamic_comb.
Jul  1 17:48:17[212671] Set use_combining=false forcibly to enable use_dynamic_comb.
Jul  1 17:48:26[213025] Set use_combining=false forcibly to enable use_dynamic_comb.
Jul  1 17:49:20[213700] Set use_combining=false forcibly to enable use_dynamic_comb.
Jul  1 17:50:40[214989] Set use_combining=false forcibly to enable use_dynamic_comb.
Jul  1 17:51:10[215437] Set use_combining=false forcibly to enable use_dynamic_comb.
Jul  1 17:51:23[215781] Set use_combining=false forcibly to enable use_dynamic_comb.
Jul  1 17:52:12[216226] Set use_combining=false forcibly to enable use_dynamic_comb.
Jul  1 17:52:20[216513] Set use_combining=false forcibly to enable use_dynamic_comb.
Jul  1 17:52:59[216905] Set use_combining=false forcibly to enable use_dynamic_comb.
Jul  1 17:56:30[218586] Set use_combining=false forcibly to enable use_dynamic_comb.
Jul  1 17:57:06[218989] Set use_combining=false forcibly to enable use_dynamic_comb.
Jul  1 17:58:09[219941] Set use_combining=false forcibly to enable use_dynamic_comb.
Jul  1 17:58:38[220607] Set use_combining=false forcibly to enable use_dynamic_comb.
Jul  1 17:58:56[220968] Set use_combining=false forcibly to enable use_dynamic_comb.
Jul  1 17:59:16[221389] Set use_combining=false forcibly to enable use_dynamic_comb.
Jul  1 17:59:46[221599] Set use_combining=false forcibly to enable use_dynamic_comb.
Jul  1 18:00:03[221848] Set use_combining=false forcibly to enable use_dynamic_comb.
Jul  1 18:00:12[222080] Set use_combining=false forcibly to enable use_dynamic_comb.
Jul  1 18:00:49[222624] Set use_combining=false forcibly to enable use_dynamic_comb.
Jul  1 18:14:04[225363] Set use_combining=false forcibly to enable use_dynamic_comb.
Jul  1 18:17:53[229485] Set use_combining=false forcibly to enable use_dynamic_comb.
Jul  1 18:18:38[230121] Set use_combining=false forcibly to enable use_dynamic_comb.
Jul  1 18:19:16[230557] Set use_combining=false forcibly to enable use_dynamic_comb.
Jul  1 18:19:35[230780] Set use_combining=false forcibly to enable use_dynamic_comb.
Jul  1 18:20:44[231358] Set use_combining=false forcibly to enable use_dynamic_comb.
Jul  1 18:20:58[231727] Set use_combining=false forcibly to enable use_dynamic_comb.
Jul  1 18:21:21[232005] Set use_combining=false forcibly to enable use_dynamic_comb.
Jul  1 18:26:55[232005] Set use_combining=false forcibly to enable use_dynamic_comb.
Jul  1 18:28:50[232005] Set use_combining=false forcibly to enable use_dynamic_comb.
Jul  1 18:30:16[235252] Set use_combining=false forcibly to enable use_dynamic_comb.
Jul  1 18:31:10[235845] Set use_combining=false forcibly to enable use_dynamic_comb.
Jul  1 18:32:58[236289] Set use_combining=false forcibly to enable use_dynamic_comb.
Jul  1 18:33:07[236289] Set use_combining=false forcibly to enable use_dynamic_comb.
Jul  1 18:33:10[236289] Set use_combining=false forcibly to enable use_dynamic_comb.
Jul  1 18:38:30[238039] Set use_combining=false forcibly to enable use_dynamic_comb.
Jul  1 18:44:27[239696] Set use_combining=false forcibly to enable use_dynamic_comb.
Jul  1 18:44:59[239921] Set use_combining=false forcibly to enable use_dynamic_comb.
Jul  1 18:45:28[240217] Set use_combining=false forcibly to enable use_dynamic_comb.
Jul  1 18:46:09[240714] Set use_combining=false forcibly to enable use_dynamic_comb.
Jul  1 18:47:00[241005] Set use_combining=false forcibly to enable use_dynamic_comb.
Jul  1 18:47:45[241270] Set use_combining=false forcibly to enable use_dynamic_comb.
Jul  1 18:48:41[241604] Set use_combining=false forcibly to enable use_dynamic_comb.
Jul  1 18:48:46[241604] Set use_combining=false forcibly to enable use_dynamic_comb.
Jul  1 18:48:52[241604] Set use_combining=false forcibly to enable use_dynamic_comb.
Jul  1 18:49:59[242382] Set use_combining=false forcibly to enable use_dynamic_comb.
Jul  1 18:50:12[242577] Set use_combining=false forcibly to enable use_dynamic_comb.
Jul  1 18:50:48[243127] Set use_combining=false forcibly to enable use_dynamic_comb.
Jul  1 18:51:54[243690] Set use_combining=false forcibly to enable use_dynamic_comb.
Jul  1 18:51:57[243690] Set use_combining=false forcibly to enable use_dynamic_comb.
Jul  1 18:51:58[243690] Set use_combining=false forcibly to enable use_dynamic_comb.
Jul  1 18:52:45[244139] Set use_combining=false forcibly to enable use_dynamic_comb.
Jul  1 18:57:09[245014] Set use_combining=false forcibly to enable use_dynamic_comb.
Jul  1 18:57:30[245305] Set use_combining=false forcibly to enable use_dynamic_comb.
Jul  1 18:59:09[245775] Set use_combining=false forcibly to enable use_dynamic_comb.
Jul  1 19:02:13[245775] Set use_combining=false forcibly to enable use_dynamic_comb.
Jul  1 19:03:26[246901] Set use_combining=false forcibly to enable use_dynamic_comb.
Jul  1 19:04:45[247552] Set use_combining=false forcibly to enable use_dynamic_comb.
Jul  1 19:04:59[247745] Set use_combining=false forcibly to enable use_dynamic_comb.
Jul  1 19:05:17[248185] Set use_combining=false forcibly to enable use_dynamic_comb.
Jul  1 19:05:45[248185] Set use_combining=false forcibly to enable use_dynamic_comb.
Jul  1 19:08:48[249535] Set use_combining=false forcibly to enable use_dynamic_comb.
Jul  1 19:10:02[249923] Set use_combining=false forcibly to enable use_dynamic_comb.
Jul  1 19:11:02[250540] Set use_combining=false forcibly to enable use_dynamic_comb.
Jul  1 19:14:02[251450] Set use_combining=false forcibly to enable use_dynamic_comb.
Jul  1 19:15:37[252358] Set use_combining=false forcibly to enable use_dynamic_comb.
Jul  1 19:17:16[252999] Set use_combining=false forcibly to enable use_dynamic_comb.
Jul  1 19:17:47[253240] Set use_combining=false forcibly to enable use_dynamic_comb.
Jul  1 19:18:16[253482] Set use_combining=false forcibly to enable use_dynamic_comb.
Jul  1 19:18:58[253899] Set use_combining=false forcibly to enable use_dynamic_comb.
Jul  1 19:20:49[254598] Set use_combining=false forcibly to enable use_dynamic_comb.
Jul  1 19:21:28[254857] Set use_combining=false forcibly to enable use_dynamic_comb.
Jul  1 19:21:54[255117] Set use_combining=false forcibly to enable use_dynamic_comb.
Jul  1 19:22:12[255316] Set use_combining=false forcibly to enable use_dynamic_comb.
Jul  1 19:22:25[255504] Set use_combining=false forcibly to enable use_dynamic_comb.
Jul  1 19:22:34[255684] Set use_combining=false forcibly to enable use_dynamic_comb.
Jul  1 19:35:02[259505] Set use_combining=false forcibly to enable use_dynamic_comb.
Jul  1 19:37:10[260567] Set use_combining=false forcibly to enable use_dynamic_comb.
Jul  1 19:38:30[261480] Set use_combining=false forcibly to enable use_dynamic_comb.
Jul  1 19:39:43[262366] Set use_combining=false forcibly to enable use_dynamic_comb.
Jul  1 19:40:13[262926] Set use_combining=false forcibly to enable use_dynamic_comb.
Jul  1 20:04:13[310616] Set use_combining=false forcibly to enable use_dynamic_comb.
Jul  1 20:30:11[314328] Set use_combining=false forcibly to enable use_dynamic_comb.
Jul  1 20:37:46[334541] Set use_combining=false forcibly to enable use_dynamic_comb.
Jul  1 20:39:30[335645] Set use_combining=false forcibly to enable use_dynamic_comb.
Jul  1 20:41:19[336440] Set use_combining=false forcibly to enable use_dynamic_comb.
Jul  1 20:41:26[336615] Set use_combining=false forcibly to enable use_dynamic_comb.
Jul  1 20:42:03[337220] Set use_combining=false forcibly to enable use_dynamic_comb.
Jul  1 20:45:20[338472] Set use_combining=false forcibly to enable use_dynamic_comb.
Jul  1 20:46:01[339013] Set use_combining=false forcibly to enable use_dynamic_comb.
Jul  1 20:46:22[339426] Set use_combining=false forcibly to enable use_dynamic_comb.
Jul  1 20:47:33[340487] Set use_combining=false forcibly to enable use_dynamic_comb.
Jul  1 20:48:30[341254] Set use_combining=false forcibly to enable use_dynamic_comb.
Jul  1 20:50:42[342572] Set use_combining=false forcibly to enable use_dynamic_comb.
Jul  1 20:52:14[343330] Set use_combining=false forcibly to enable use_dynamic_comb.
Jul  1 20:53:06[343728] Set use_combining=false forcibly to enable use_dynamic_comb.
Jul  1 21:04:45[345845] Set use_combining=false forcibly to enable use_dynamic_comb.
Jul  1 21:19:01[349606] Set use_combining=false forcibly to enable use_dynamic_comb.
Jul  1 21:19:42[350033] Set use_combining=false forcibly to enable use_dynamic_comb.
Jul  1 21:20:00[350553] Set use_combining=false forcibly to enable use_dynamic_comb.
Jul  1 21:32:35[356547] Set use_combining=false forcibly to enable use_dynamic_comb.
Jul  1 21:32:45[356903] Set use_combining=false forcibly to enable use_dynamic_comb.
Jul  1 21:40:42[359978] Set use_combining=false forcibly to enable use_dynamic_comb.
Jul  1 21:43:47[361160] Illegal unicode area format: U+1F1000-1F6FF
Jul  1 21:43:47[361160] Set use_combining=false forcibly to enable use_dynamic_comb.
Jul  1 21:44:00[361578] Illegal unicode area format: U+1F1000-1F6FF
Jul  1 21:44:00[361578] Set use_combining=false forcibly to enable use_dynamic_comb.
Jul  1 21:44:32[362077] Illegal unicode area format: U+1F1000-1F6FF
Jul  1 21:44:32[362077] Set use_combining=false forcibly to enable use_dynamic_comb.
Jul  1 21:44:55[362562] Illegal unicode area format: U+1F1000-1F6FF
Jul  1 21:44:55[362562] Set use_combining=false forcibly to enable use_dynamic_comb.
Jul  1 21:45:19[363057] Illegal unicode area format: U+1F1000-1F6FF
Jul  1 21:45:19[363057] Set use_combining=false forcibly to enable use_dynamic_comb.
Jul  1 21:46:13[364026] Illegal unicode area format: U+1F1000-1F6FF
Jul  1 21:46:13[364026] Set use_combining=false forcibly to enable use_dynamic_comb.
Jul  1 21:46:37[364580] Illegal unicode area format: U+1F1000-1F6FF
Jul  1 21:46:37[364580] Set use_combining=false forcibly to enable use_dynamic_comb.
Jul  1 21:54:11[364580] Illegal unicode area format: U+1F1000-1F6FF
Jul  1 21:54:28[364580] Illegal unicode area format: U+1F1000-1F6FF
Jul  1 21:54:28[364580] Font(id 82d1) width(18) is not matched with standard width(36).
Jul  1 21:54:28[364580] Illegal unicode area format: U+1F1000-1F6FF
Jul  1 21:54:28[364580] Font(id 82d1) width(18) is not matched with standard width(36).
Jul  1 21:54:36[364580] Illegal unicode area format: U+1F1000-1F6FF
Jul  1 21:54:40[364580] Illegal unicode area format: U+1F1000-1F6FF
Jul  1 21:55:06[367428] Illegal unicode area format: U+1F1000-1F6FF
Jul  1 21:56:54[368738] Illegal unicode area format: U+1F1000-1F6FF
Jul  1 22:22:32[396318] Illegal unicode area format: U+1F1000-1F6FF
Jul  1 22:23:27[423081] Illegal unicode area format: U+1F1000-1F6FF
Jul  1 22:24:02[440216] Illegal unicode area format: U+1F1000-1F6FF
Jul  1 22:25:11[473408] Illegal unicode area format: U+1F1000-1F6FF
Jul  1 22:25:43[489330] Illegal unicode area format: U+1F1000-1F6FF
Jul  1 22:26:36[515045] Illegal unicode area format: U+1F1000-1F6FF
Jul  1 22:31:00[1147] Illegal unicode area format: U+1F1000-1F6FF
Jul  1 22:33:34[1882] Illegal unicode area format: U+1F1000-1F6FF
Jul  1 22:35:30[2698] Illegal unicode area format: U+1F1000-1F6FF
Jul  1 22:35:57[3097] Illegal unicode area format: U+1F1000-1F6FF
Jul  1 22:40:32[5159] Illegal unicode area format: U+1F1000-1F6FF
Jul  1 22:42:24[5996] Illegal unicode area format: U+1F1000-1F6FF
Jul  1 22:44:17[7230] Illegal unicode area format: U+1F1000-1F6FF
Jul  1 22:48:29[8773] Illegal unicode area format: U+1F1000-1F6FF
Jul  1 22:49:30[9343] Illegal unicode area format: U+1F1000-1F6FF
Jul  1 22:51:19[10515] Illegal unicode area format: U+1F1000-1F6FF
Jul  1 22:51:48[11043] Illegal unicode area format: U+1F1000-1F6FF
Jul  1 22:51:51[11264] Illegal unicode area format: U+1F1000-1F6FF
Jul  1 22:52:16[11635] Illegal unicode area format: U+1F1000-1F6FF
Jul  1 22:52:26[12066] Illegal unicode area format: U+1F1000-1F6FF
Jul  1 22:52:56[12414] Illegal unicode area format: U+1F1000-1F6FF
Jul  1 22:53:05[12838] Illegal unicode area format: U+1F1000-1F6FF
Jul  1 23:11:40[28393] Illegal unicode area format: U+1F1000-1F6FF
Jul  1 23:12:32[29164] Illegal unicode area format: U+1F1000-1F6FF
Jul  1 23:14:20[29917] Illegal unicode area format: U+1F1000-1F6FF
Jul  1 23:14:23[30028] Illegal unicode area format: U+1F1000-1F6FF
Jul  1 23:14:24[30104] Illegal unicode area format: U+1F1000-1F6FF
Jul  1 23:28:20[34634] Illegal unicode area format: U+1F1000-1F6FF
Jul  1 23:33:59[36164] Illegal unicode area format: U+1F1000-1F6FF
Jul  1 23:37:05[37244] Illegal unicode area format: U+1F1000-1F6FF
Jul  1 23:41:16[38332] Illegal unicode area format: U+1F1000-1F6FF
Jul  1 23:41:40[38678] Illegal unicode area format: U+1F1000-1F6FF
Jul  1 23:44:22[39197] Illegal unicode area format: U+1F1000-1F6FF
Jul  1 23:45:34[39507] Illegal unicode area format: U+1F1000-1F6FF
Jul  1 23:45:58[39728] Illegal unicode area format: U+1F1000-1F6FF
Jul  1 23:47:50[40166] Illegal unicode area format: U+1F1000-1F6FF
Jul  1 23:47:53[40290] Illegal unicode area format: U+1F1000-1F6FF
Jul  1 23:48:50[40730] Illegal unicode area format: U+1F1000-1F6FF
Jul  1 23:49:02[40883] Illegal unicode area format: U+1F1000-1F6FF
Jul  1 23:49:10[41050] Illegal unicode area format: U+1F1000-1F6FF
Jul  1 23:49:17[41229] Illegal unicode area format: U+1F1000-1F6FF
Jul  1 23:49:33[41394] Illegal unicode area format: U+1F1000-1F6FF
Jul  1 23:49:57[41644] Illegal unicode area format: U+1F1000-1F6FF
Jul  1 23:50:07[41812] Illegal unicode area format: U+1F1000-1F6FF
Jul  1 23:50:15[42019] Illegal unicode area format: U+1F1000-1F6FF
Jul  1 23:51:55[42449] Illegal unicode area format: U+1F1000-1F6FF
Jul  1 23:52:46[42838] Illegal unicode area format: U+1F1000-1F6FF
Jul  1 23:52:50[42933] Illegal unicode area format: U+1F1000-1F6FF
Jul  1 23:57:50[43723] Illegal unicode area format: U+1F1000-1F6FF
Jul  2 00:01:03[46093] Illegal unicode area format: U+1F1000-1F6FF
Jul  2 00:01:14[46380] Illegal unicode area format: U+1F1000-1F6FF
Jul  2 00:01:23[46474] Illegal unicode area format: U+1F1000-1F6FF
Jul  2 00:39:11[56258] Illegal unicode area format: U+1F1000-1F6FF
Jul  2 00:39:51[56572] Illegal unicode area format: U+1F1000-1F6FF
Jul  2 00:41:34[57968] Illegal unicode area format: U+1F1000-1F6FF
Jul  2 00:45:39[60454] Illegal unicode area format: U+1F1000-1F6FF
Jul  2 00:45:57[60678] Illegal unicode area format: U+1F1000-1F6FF
Jul  2 00:46:04[60928] Illegal unicode area format: U+1F1000-1F6FF
Jul  2 00:46:16[61111] Illegal unicode area format: U+1F1000-1F6FF
Jul  2 00:47:18[62216] Illegal unicode area format: U+1F1000-1F6FF
Jul  2 00:47:56[62763] Illegal unicode area format: U+1F1000-1F6FF
Jul  2 00:48:59[63429] Illegal unicode area format: U+1F1000-1F6FF
Jul  2 00:51:33[64089] Illegal unicode area format: U+1F1000-1F6FF
Jul  2 00:54:08[65389] Illegal unicode area format: U+1F1000-1F6FF
Jul  2 00:57:17[66201] Illegal unicode area format: U+1F1000-1F6FF
Jul  2 01:00:56[67592] Illegal unicode area format: U+1F1000-1F6FF
Jul  2 01:04:14[68469] Illegal unicode area format: U+1F1000-1F6FF
Jul  2 01:10:12[72243] Illegal unicode area format: U+1F1000-1F6FF
Jul  2 01:10:33[72568] Illegal unicode area format: U+1F1000-1F6FF
Jul  2 01:13:19[74621] Illegal unicode area format: U+1F1000-1F6FF
Jul  2 01:13:47[75017] Illegal unicode area format: U+1F1000-1F6FF
Jul  2 01:14:40[75594] Illegal unicode area format: U+1F1000-1F6FF
Jul  2 01:14:59[75982] Illegal unicode area format: U+1F1000-1F6FF
Jul  2 01:18:45[77513] Illegal unicode area format: U+1F1000-1F6FF
Jul  2 01:19:22[78006] Illegal unicode area format: U+1F1000-1F6FF
Jul  2 01:19:24[78204] Illegal unicode area format: U+1F1000-1F6FF
Jul  2 01:19:30[78461] Illegal unicode area format: U+1F1000-1F6FF
Jul  2 01:20:35[79071] Illegal unicode area format: U+1F1000-1F6FF
Jul  2 01:21:10[79548] Illegal unicode area format: U+1F1000-1F6FF
Jul  2 01:21:29[79894] Illegal unicode area format: U+1F1000-1F6FF
Jul  2 01:24:39[81254] Illegal unicode area format: U+1F1000-1F6FF
Jul  2 01:26:14[82115] Illegal unicode area format: U+1F1000-1F6FF
Jul  2 01:26:30[82420] Illegal unicode area format: U+1F1000-1F6FF
Jul  2 01:26:37[82640] Illegal unicode area format: U+1F1000-1F6FF
Jul  2 01:29:26[83773] Illegal unicode area format: U+1F1000-1F6FF
Jul  2 01:29:28[83965] Illegal unicode area format: U+1F1000-1F6FF
Jul  2 01:30:05[84485] Illegal unicode area format: U+1F1000-1F6FF
Jul  2 01:30:10[84655] Illegal unicode area format: U+1F1000-1F6FF
Jul  2 01:30:18[84888] Illegal unicode area format: U+1F1000-1F6FF
Jul  2 01:36:50[88076] Illegal unicode area format: U+1F1000-1F6FF
Jul  2 01:40:37[89950] Illegal unicode area format: U+1F1000-1F6FF
Jul  2 01:46:16[93704] Illegal unicode area format: U+1F1000-1F6FF
Jul  2 01:47:15[94123] Illegal unicode area format: U+1F1000-1F6FF
Jul  2 01:47:19[94307] Illegal unicode area format: U+1F1000-1F6FF
Jul  2 01:49:26[94818] Illegal unicode area format: U+1F1000-1F6FF
Jul  2 01:49:30[95032] Illegal unicode area format: U+1F1000-1F6FF
Jul  2 01:49:33[95247] Illegal unicode area format: U+1F1000-1F6FF
Jul  2 02:02:37[99611] Illegal unicode area format: U+1F1000-1F6FF
Jul  2 02:03:26[101010] Illegal unicode area format: U+1F1000-1F6FF
Jul  2 02:04:10[101466] Illegal unicode area format: U+1F1000-1F6FF
Jul  2 02:05:40[103426] Illegal unicode area format: U+1F1000-1F6FF
Jul  2 02:14:09[106066] Illegal unicode area format: U+1F1000-1F6FF
Jul  2 10:33:07[238445] Illegal unicode area format: U+1F1000-1F6FF
Jul  2 10:35:05[239470] Illegal unicode area format: U+1F1000-1F6FF
Jul  2 10:50:53[241675] Illegal unicode area format: U+1F1000-1F6FF
Jul  2 10:51:30[1169] Illegal unicode area format: U+1F1000-1F6FF
Jul  2 10:52:28[1465] Illegal unicode area format: U+1F1000-1F6FF
Jul  2 10:57:12[8539] Illegal unicode area format: U+1F1000-1F6FF
Jul  2 10:58:40[25555] Illegal unicode area format: U+1F1000-1F6FF
Jul  2 11:21:59[38608] Illegal unicode area format: U+1F1000-1F6FF
Jul  2 11:51:12[47256] Illegal unicode area format: U+1F1000-1F6FF
Jul  2 11:57:03[48707] Illegal unicode area format: U+1F1000-1F6FF
Jul  2 11:58:09[48986] Illegal unicode area format: U+1F1000-1F6FF
Jul  2 12:26:34[55950] Illegal unicode area format: U+1F1000-1F6FF
Jul  2 12:41:54[65432] Illegal unicode area format: U+1F1000-1F6FF
Jul  2 18:34:41[165852] Illegal unicode area format: U+1F1000-1F6FF
Jul  2 18:47:02[169287] Illegal unicode area format: U+1F1000-1F6FF
Jul  2 18:49:18[170335] Illegal unicode area format: U+1F1000-1F6FF
Jul  2 18:51:15[170982] Illegal unicode area format: U+1F1000-1F6FF
Jul  2 18:54:18[172096] Illegal unicode area format: U+1F1000-1F6FF
Jul  2 18:54:23[172148] Illegal unicode area format: U+1F1000-1F6FF
Jul  2 18:54:37[172219] Illegal unicode area format: U+1F1000-1F6FF
Jul  2 18:57:38[172968] Illegal unicode area format: U+1F1000-1F6FF
Jul  2 18:57:46[173017] Illegal unicode area format: U+1F1000-1F6FF
Jul  2 18:59:38[173586] Illegal unicode area format: U+1F1000-1F6FF
Jul  2 19:02:33[174624] Illegal unicode area format: U+1F1000-1F6FF
Jul  2 19:07:18[176370] Illegal unicode area format: U+1F1000-1F6FF
Jul  2 19:07:41[176994] Illegal unicode area format: U+1F1000-1F6FF
Jul  2 19:15:42[179135] Illegal unicode area format: U+1F1000-1F6FF
Jul  2 19:15:46[179396] Illegal unicode area format: U+1F1000-1F6FF
Jul  2 19:15:49[179642] Illegal unicode area format: U+1F1000-1F6FF
Jul  2 19:15:56[179886] Illegal unicode area format: U+1F1000-1F6FF
Jul  2 19:18:01[180540] Illegal unicode area format: U+1F1000-1F6FF
Jul  2 19:18:04[180785] Illegal unicode area format: U+1F1000-1F6FF
Jul  2 19:18:09[181017] Illegal unicode area format: U+1F1000-1F6FF
Jul  2 19:21:22[182356] Illegal unicode area format: U+1F1000-1F6FF
Jul  2 19:21:26[182612] Illegal unicode area format: U+1F1000-1F6FF
Jul  2 19:21:30[182857] Illegal unicode area format: U+1F1000-1F6FF
Jul  2 19:23:52[183432] Illegal unicode area format: U+1F1000-1F6FF
Jul  2 19:23:56[183677] Illegal unicode area format: U+1F1000-1F6FF
Jul  2 19:24:01[183923] Illegal unicode area format: U+1F1000-1F6FF
Jul  2 19:24:58[184474] Illegal unicode area format: U+1F1000-1F6FF
Jul  2 19:25:03[184718] Illegal unicode area format: U+1F1000-1F6FF
Jul  2 19:25:38[185074] Illegal unicode area format: U+1F1000-1F6FF
Jul  2 19:25:38[185076] Illegal unicode area format: U+1F1000-1F6FF
Jul  2 19:25:38[185090] Illegal unicode area format: U+1F1000-1F6FF
Jul  2 19:25:38[185105] Illegal unicode area format: U+1F1000-1F6FF
Jul  2 19:25:39[185108] Illegal unicode area format: U+1F1000-1F6FF
Jul  2 19:25:39[185123] Illegal unicode area format: U+1F1000-1F6FF
Jul  2 19:25:39[185137] Illegal unicode area format: U+1F1000-1F6FF
Jul  2 19:25:40[185163] Illegal unicode area format: U+1F1000-1F6FF
Jul  2 19:25:40[185214] Illegal unicode area format: U+1F1000-1F6FF
Jul  2 19:25:40[185217] Illegal unicode area format: U+1F1000-1F6FF
Jul  2 19:27:01[187514] Illegal unicode area format: U+1F1000-1F6FF
Jul  2 19:27:02[187517] Illegal unicode area format: U+1F1000-1F6FF
Jul  2 19:27:02[187520] Illegal unicode area format: U+1F1000-1F6FF
Jul  2 19:27:02[187545] Illegal unicode area format: U+1F1000-1F6FF
Jul  2 19:27:02[187526] Illegal unicode area format: U+1F1000-1F6FF
Jul  2 19:27:02[187553] Illegal unicode area format: U+1F1000-1F6FF
Jul  2 19:27:02[187572] Illegal unicode area format: U+1F1000-1F6FF
Jul  2 19:27:40[188741] Illegal unicode area format: U+1F1000-1F6FF
Jul  2 19:27:40[188743] Illegal unicode area format: U+1F1000-1F6FF
Jul  2 19:27:40[188751] Illegal unicode area format: U+1F1000-1F6FF
Jul  2 19:27:40[188768] Illegal unicode area format: U+1F1000-1F6FF
Jul  2 19:27:40[188770] Illegal unicode area format: U+1F1000-1F6FF
Jul  2 19:27:40[188795] Illegal unicode area format: U+1F1000-1F6FF
Jul  2 19:27:40[188809] Illegal unicode area format: U+1F1000-1F6FF
Jul  2 19:27:40[188813] Illegal unicode area format: U+1F1000-1F6FF
Jul  2 19:27:40[188815] Illegal unicode area format: U+1F1000-1F6FF
Jul  2 19:27:40[188785] Illegal unicode area format: U+1F1000-1F6FF
Jul  3 00:10:48[1370] Illegal unicode area format: U+1F1000-1F6FF
Jul  3 00:11:22[1586] Illegal unicode area format: U+1F1000-1F6FF
Jul  3 00:14:44[2844] Illegal unicode area format: U+1F1000-1F6FF
Jul  3 00:15:08[3057] Illegal unicode area format: U+1F1000-1F6FF
Jul  3 00:15:45[3251] Illegal unicode area format: U+1F1000-1F6FF
Jul  3 00:19:18[4094] Illegal unicode area format: U+1F1000-1F6FF
Jul  3 00:19:43[4435] Illegal unicode area format: U+1F1000-1F6FF
Jul  3 00:20:12[4774] Illegal unicode area format: U+1F1000-1F6FF
Jul  3 00:20:32[5051] Illegal unicode area format: U+1F1000-1F6FF
Jul  3 00:21:06[5769] Illegal unicode area format: U+1F1000-1F6FF
Jul  3 00:21:10[6006] Illegal unicode area format: U+1F1000-1F6FF
Jul  3 00:21:15[6601] Illegal unicode area format: U+1F1000-1F6FF
Jul  3 00:21:16[6958] Illegal unicode area format: U+1F1000-1F6FF
Jul  3 00:21:52[17157] Illegal unicode area format: U+1F1000-1F6FF
Jul  3 00:22:15[23176] Illegal unicode area format: U+1F1000-1F6FF
Jul  3 00:23:25[1125] Illegal unicode area format: U+1F1000-1F6FF
Jul  3 00:23:52[3926] Illegal unicode area format: U+1F1000-1F6FF
Jul  3 00:26:09[17252] Illegal unicode area format: U+1F1000-1F6FF
Jul  3 00:33:43[102618] Illegal unicode area format: U+1F1000-1F6FF
Jul  3 00:34:18[106195] Illegal unicode area format: U+1F1000-1F6FF
Jul  3 00:42:51[111160] Illegal unicode area format: U+1F1000-1F6FF
Jul  3 01:13:54[117401] Illegal unicode area format: U+1F1000-1F6FF
Jul  3 01:13:59[117458] Illegal unicode area format: U+1F1000-1F6FF
Jul  3 01:17:57[118349] Illegal unicode area format: U+1F1000-1F6FF
Jul  3 01:22:54[146667] Illegal unicode area format: U+1F1000-1F6FF
Jul  3 01:25:33[162160] Illegal unicode area format: U+1F1000-1F6FF
Jul  3 01:31:40[234004] Illegal unicode area format: U+1F1000-1F6FF
Jul  3 01:53:05[591320] Illegal unicode area format: U+1F1000-1F6FF
Jul  3 02:03:23[800372] Illegal unicode area format: U+1F1000-1F6FF
Jul  3 02:03:35[804474] Illegal unicode area format: U+1F1000-1F6FF
Jul  3 02:03:45[808246] Illegal unicode area format: U+1F1000-1F6FF
Jul  3 02:09:05[918403] Illegal unicode area format: U+1F1000-1F6FF
Jul  3 02:17:21[1048686] Illegal unicode area format: U+1F1000-1F6FF
Jul  3 02:17:24[1048790] Illegal unicode area format: U+1F1000-1F6FF
Jul  3 02:17:32[1049071] Illegal unicode area format: U+1F1000-1F6FF
Jul  3 02:23:45[1051813] Illegal unicode area format: U+1F1000-1F6FF
Jul  3 02:23:55[1052243] Illegal unicode area format: U+1F1000-1F6FF
Jul  3 02:24:16[1054575] Illegal unicode area format: U+1F1000-1F6FF
Jul  3 02:24:41[1057471] Illegal unicode area format: U+1F1000-1F6FF
Jul  3 02:24:43[1057761] Illegal unicode area format: U+1F1000-1F6FF
Jul  3 02:24:44[1058035] Illegal unicode area format: U+1F1000-1F6FF
Jul  3 02:24:46[1058404] Illegal unicode area format: U+1F1000-1F6FF
Jul  3 02:25:06[1060597] Illegal unicode area format: U+1F1000-1F6FF
Jul  3 02:25:43[1064664] Illegal unicode area format: U+1F1000-1F6FF
Jul  3 02:26:08[1067264] Illegal unicode area format: U+1F1000-1F6FF
Jul  3 02:44:10[1174747] Illegal unicode area format: U+1F1000-1F6FF
Jul  3 02:52:29[1270421] Illegal unicode area format: U+1F1000-1F6FF
Jul  3 03:02:27[1382374] Illegal unicode area format: U+1F1000-1F6FF
Jul  3 03:25:55[1788623] Illegal unicode area format: U+1F1000-1F6FF
Jul  3 03:26:07[1792076] Illegal unicode area format: U+1F1000-1F6FF
Jul  3 03:26:44[1802422] Illegal unicode area format: U+1F1000-1F6FF
Jul  3 03:31:28[1880669] Illegal unicode area format: U+1F1000-1F6FF
Jul  3 03:43:37[2081054] Illegal unicode area format: U+1F1000-1F6FF
Jul  3 03:44:07[2089006] Illegal unicode area format: U+1F1000-1F6FF
Jul  3 03:45:57[2099939] Illegal unicode area format: U+1F1000-1F6FF
Jul  3 03:46:03[2100117] Illegal unicode area format: U+1F1000-1F6FF
Jul  3 03:47:32[2101161] Illegal unicode area format: U+1F1000-1F6FF
Jul  3 03:47:35[2101627] Illegal unicode area format: U+1F1000-1F6FF
Jul  3 03:56:08[2152689] Illegal unicode area format: U+1F1000-1F6FF
Jul  3 04:13:00[2249404] Illegal unicode area format: U+1F1000-1F6FF
Jul  3 04:25:38[2322782] Illegal unicode area format: U+1F1000-1F6FF
Jul  3 04:39:20[2402187] Illegal unicode area format: U+1F1000-1F6FF
Jul  3 04:46:36[2445287] Illegal unicode area format: U+1F1000-1F6FF
Jul  3 04:47:10[2448649] Illegal unicode area format: U+1F1000-1F6FF
Jul  3 11:31:16[663529] Illegal unicode area format: U+1F1000-1F6FF
Jul  3 11:32:11[669506] Illegal unicode area format: U+1F1000-1F6FF
Jul  3 11:33:18[681702] Illegal unicode area format: U+1F1000-1F6FF
Jul  3 11:35:38[711060] Illegal unicode area format: U+1F1000-1F6FF
Jul  3 11:37:57[743833] Illegal unicode area format: U+1F1000-1F6FF
Jul  3 11:37:59[744747] Illegal unicode area format: U+1F1000-1F6FF
Jul  3 11:39:34[777985] Illegal unicode area format: U+1F1000-1F6FF
Jul  3 11:39:38[779648] Illegal unicode area format: U+1F1000-1F6FF
Jul  3 11:54:20[1119094] Illegal unicode area format: U+1F1000-1F6FF
Jul  3 11:56:09[1156718] Illegal unicode area format: U+1F1000-1F6FF
Jul  3 11:58:05[1200338] Illegal unicode area format: U+1F1000-1F6FF
Jul  3 11:58:21[1206602] Illegal unicode area format: U+1F1000-1F6FF
Jul  3 12:04:37[1285610] Illegal unicode area format: U+1F1000-1F6FF
Jul  3 13:43:06[2428946] Illegal unicode area format: U+1F1000-1F6FF
Jul  3 13:49:34[1206] Illegal unicode area format: U+1F1000-1F6FF
Jul  3 14:38:14[27707] Illegal unicode area format: U+1F1000-1F6FF
Jul  3 14:38:21[27958] Illegal unicode area format: U+1F1000-1F6FF
Jul  3 14:49:30[31008] Illegal unicode area format: U+1F1000-1F6FF
Jul  3 14:49:35[31599] Illegal unicode area format: U+1F1000-1F6FF
Jul  3 14:49:44[32399] Illegal unicode area format: U+1F1000-1F6FF
Jul  3 15:06:10[38353] Illegal unicode area format: U+1F1000-1F6FF
Jul  3 15:07:03[39059] Illegal unicode area format: U+1F1000-1F6FF
Jul  3 15:27:13[45633] Illegal unicode area format: U+1F1000-1F6FF
Jul  3 15:34:28[48562] Illegal unicode area format: U+1F1000-1F6FF
Jul  3 15:35:04[48982] Illegal unicode area format: U+1F1000-1F6FF
Jul  3 15:47:23[53371] Illegal unicode area format: U+1F1000-1F6FF
Jul  3 15:49:14[61894] Illegal unicode area format: U+1F1000-1F6FF
Jul  3 16:12:50[197569] Illegal unicode area format: U+1F1000-1F6FF
Jul  3 16:12:54[198233] Illegal unicode area format: U+1F1000-1F6FF
Jul  3 16:14:06[205323] Illegal unicode area format: U+1F1000-1F6FF
Jul  3 16:14:52[210005] Illegal unicode area format: U+1F1000-1F6FF
Jul  3 16:15:07[211917] Illegal unicode area format: U+1F1000-1F6FF
Jul  3 17:37:01[702664] Illegal unicode area format: U+1F1000-1F6FF
Jul  3 17:57:33[819577] Illegal unicode area format: U+1F1000-1F6FF
Jul  3 18:30:24[1008158] Illegal unicode area format: U+1F1000-1F6FF
Jul  3 18:37:03[1046386] Illegal unicode area format: U+1F1000-1F6FF
Jul  3 18:37:32[1049150] Illegal unicode area format: U+1F1000-1F6FF
Jul  3 19:20:02[1292465] Illegal unicode area format: U+1F1000-1F6FF
Jul  3 19:48:41[1457553] Illegal unicode area format: U+1F1000-1F6FF
Jul  3 20:04:44[1550053] Illegal unicode area format: U+1F1000-1F6FF
Jul  3 20:15:21[2011] Illegal unicode area format: U+1F1000-1F6FF
Jul  3 20:16:33[2510] Illegal unicode area format: U+1F1000-1F6FF
Jul  3 21:43:03[61760] Illegal unicode area format: U+1F1000-1F6FF
Jul  3 22:51:53[78586] Illegal unicode area format: U+1F1000-1F6FF
Jul  3 22:57:47[81860] Illegal unicode area format: U+1F1000-1F6FF
Jul  3 23:04:58[85648] Illegal unicode area format: U+1F1000-1F6FF
Jul  4 01:52:47[164369] Illegal unicode area format: U+1F1000-1F6FF
Jul  4 01:57:33[166233] Illegal unicode area format: U+1F1000-1F6FF
Jul  4 02:33:39[203955] Illegal unicode area format: U+1F1000-1F6FF
Jul  4 02:58:50[212897] Illegal unicode area format: U+1F1000-1F6FF
Jul  4 02:59:10[213292] Illegal unicode area format: U+1F1000-1F6FF
Jul  4 03:31:14[222201] Illegal unicode area format: U+1F1000-1F6FF
Jul  4 11:12:43[350353] Illegal unicode area format: U+1F1000-1F6FF
Jul  4 11:15:26[351689] Illegal unicode area format: U+1F1000-1F6FF
Jul  4 11:28:26[355531] Illegal unicode area format: U+1F1000-1F6FF
Jul  4 11:32:09[382158] Illegal unicode area format: U+1F1000-1F6FF
Jul  4 11:51:50[388980] Illegal unicode area format: U+1F1000-1F6FF
Jul  4 11:55:27[390727] Illegal unicode area format: U+1F1000-1F6FF
Jul  4 11:55:53[391276] Illegal unicode area format: U+1F1000-1F6FF
Jul  4 11:55:55[391414] Illegal unicode area format: U+1F1000-1F6FF
Jul  4 11:55:57[391550] Illegal unicode area format: U+1F1000-1F6FF
Jul  4 11:55:58[391686] Illegal unicode area format: U+1F1000-1F6FF
Jul  4 11:58:52[393770] Illegal unicode area format: U+1F1000-1F6FF
Jul  4 15:44:03[477284] Illegal unicode area format: U+1F1000-1F6FF
Jul  4 15:45:08[477986] Illegal unicode area format: U+1F1000-1F6FF
Jul  4 15:45:44[478279] Illegal unicode area format: U+1F1000-1F6FF
Jul  4 15:46:46[478802] Illegal unicode area format: U+1F1000-1F6FF
Jul  4 15:51:53[481489] Illegal unicode area format: U+1F1000-1F6FF
Jul  4 16:00:52[485180] Illegal unicode area format: U+1F1000-1F6FF
Jul  4 17:18:25[513219] Illegal unicode area format: U+1F1000-1F6FF
Jul  4 17:18:33[513284] Illegal unicode area format: U+1F1000-1F6FF
Jul  4 17:19:13[513608] Illegal unicode area format: U+1F1000-1F6FF
Jul  4 17:20:10[514561] Illegal unicode area format: U+1F1000-1F6FF
Jul  4 17:22:10[516086] Illegal unicode area format: U+1F1000-1F6FF
Jul  4 17:22:39[516441] Illegal unicode area format: U+1F1000-1F6FF
Jul  4 17:28:05[518982] Illegal unicode area format: U+1F1000-1F6FF
Jul  4 17:32:22[527649] Illegal unicode area format: U+1F1000-1F6FF
Jul  4 17:35:34[530393] Illegal unicode area format: U+1F1000-1F6FF
Jul  4 17:47:32[538329] Illegal unicode area format: U+1F1000-1F6FF
Jul  4 17:53:35[542710] Illegal unicode area format: U+1F1000-1F6FF
Jul  4 18:18:46[556638] Illegal unicode area format: U+1F1000-1F6FF
Jul  4 18:18:47[556775] Illegal unicode area format: U+1F1000-1F6FF
Jul  4 18:18:48[556908] Illegal unicode area format: U+1F1000-1F6FF
Jul  4 18:18:49[557053] Illegal unicode area format: U+1F1000-1F6FF
Jul  4 18:33:25[566897] Illegal unicode area format: U+1F1000-1F6FF
Jul  4 19:01:46[582758] Illegal unicode area format: U+1F1000-1F6FF
Jul  4 19:10:54[588811] Illegal unicode area format: U+1F1000-1F6FF
Jul  4 19:28:00[603383] Illegal unicode area format: U+1F1000-1F6FF
Jul  4 19:28:57[604050] Illegal unicode area format: U+1F1000-1F6FF
Jul  4 19:32:18[606677] Illegal unicode area format: U+1F1000-1F6FF
Jul  4 19:42:34[613072] Illegal unicode area format: U+1F1000-1F6FF
Jul  4 21:17:31[682136] Illegal unicode area format: U+1F1000-1F6FF
Jul  4 22:26:56[723481] Illegal unicode area format: U+1F1000-1F6FF
Jul  4 22:28:20[725904] Illegal unicode area format: U+1F1000-1F6FF
Jul  4 22:30:54[728667] Illegal unicode area format: U+1F1000-1F6FF
Jul  5 01:02:36[837250] Illegal unicode area format: U+1F1000-1F6FF
Jul  5 11:36:15[1220790] Illegal unicode area format: U+1F1000-1F6FF
Jul  5 11:49:02[1232963] Illegal unicode area format: U+1F1000-1F6FF
Jul  5 11:56:08[1238172] Illegal unicode area format: U+1F1000-1F6FF
Jul  5 11:56:32[1238383] Illegal unicode area format: U+1F1000-1F6FF
Jul  5 11:56:59[1238547] Illegal unicode area format: U+1F1000-1F6FF
Jul  5 12:01:23[1238992] Illegal unicode area format: U+1F1000-1F6FF
Jul  5 12:04:26[1240125] Illegal unicode area format: U+1F1000-1F6FF
Jul  5 12:10:35[1240670] Illegal unicode area format: U+1F1000-1F6FF
Jul  5 12:12:57[1240949] Illegal unicode area format: U+1F1000-1F6FF
Jul  5 12:13:54[1241118] Illegal unicode area format: U+1F1000-1F6FF
Jul  5 12:16:27[1241323] Illegal unicode area format: U+1F1000-1F6FF
Jul  5 12:17:20[1241528] Illegal unicode area format: U+1F1000-1F6FF
Jul  5 12:20:39[1241980] Illegal unicode area format: U+1F1000-1F6FF
Jul  5 12:21:47[1242223] Illegal unicode area format: U+1F1000-1F6FF
Jul  5 12:22:53[1242515] Illegal unicode area format: U+1F1000-1F6FF
Jul  5 12:23:11[1242634] Illegal unicode area format: U+1F1000-1F6FF
Jul  5 12:23:26[1242711] Illegal unicode area format: U+1F1000-1F6FF
Jul  5 12:23:43[1242790] Illegal unicode area format: U+1F1000-1F6FF
Jul  5 13:34:03[1250744] Illegal unicode area format: U+1F1000-1F6FF
Jul  5 13:34:06[1250788] Illegal unicode area format: U+1F1000-1F6FF
Jul  5 13:34:08[1250828] Illegal unicode area format: U+1F1000-1F6FF
Jul  5 13:34:18[1250871] Illegal unicode area format: U+1F1000-1F6FF
Jul  5 13:41:59[1253715] Illegal unicode area format: U+1F1000-1F6FF
Jul  5 14:27:47[1261605] Illegal unicode area format: U+1F1000-1F6FF
Jul  5 18:51:07[1801] Illegal unicode area format: U+1F1000-1F6FF
Jul  5 18:51:35[2138] Illegal unicode area format: U+1F1000-1F6FF
Jul  5 18:51:48[2231] Illegal unicode area format: U+1F1000-1F6FF
Jul  5 19:00:55[5707] Illegal unicode area format: U+1F1000-1F6FF
Jul  5 19:01:56[6078] Illegal unicode area format: U+1F1000-1F6FF
Jul  5 19:03:05[7012] Illegal unicode area format: U+1F1000-1F6FF
Jul  5 22:37:45[82875] Illegal unicode area format: U+1F1000-1F6FF
Jul  6 19:48:30[26647] Illegal unicode area format: U+1F1000-1F6FF
Jul  6 19:50:19[27789] Illegal unicode area format: U+1F1000-1F6FF
Jul  6 19:50:22[27981] Illegal unicode area format: U+1F1000-1F6FF
Jul  7 00:33:29[114185] Illegal unicode area format: U+1F1000-1F6FF
Jul  7 00:34:28[114751] Illegal unicode area format: U+1F1000-1F6FF
Jul  7 01:06:48[130953] Illegal unicode area format: U+1F1000-1F6FF
Jul  7 01:18:17[134116] Illegal unicode area format: U+1F1000-1F6FF
Jul  7 01:18:32[134301] Illegal unicode area format: U+1F1000-1F6FF
Jul  7 01:24:57[135945] Illegal unicode area format: U+1F1000-1F6FF
Jul  7 01:49:56[141354] Illegal unicode area format: U+1F1000-1F6FF
Jul  7 11:28:22[296755] Illegal unicode area format: U+1F1000-1F6FF
Jul  7 11:34:33[299378] Illegal unicode area format: U+1F1000-1F6FF
Jul  7 11:34:57[299705] Illegal unicode area format: U+1F1000-1F6FF
Jul  7 11:39:32[301053] Illegal unicode area format: U+1F1000-1F6FF
Jul  7 11:53:20[304544] Illegal unicode area format: U+1F1000-1F6FF
Jul  7 11:54:48[305497] Illegal unicode area format: U+1F1000-1F6FF
Jul  7 11:56:24[306448] Illegal unicode area format: U+1F1000-1F6FF
Jul  7 12:58:55[333981] Illegal unicode area format: U+1F1000-1F6FF
Jul  7 13:01:06[335192] Illegal unicode area format: U+1F1000-1F6FF
Jul  7 13:04:18[337541] Illegal unicode area format: U+1F1000-1F6FF
Jul  7 13:07:06[339171] Illegal unicode area format: U+1F1000-1F6FF
Jul  7 13:07:45[339515] Illegal unicode area format: U+1F1000-1F6FF
Jul  7 13:10:52[341094] Illegal unicode area format: U+1F1000-1F6FF
Jul  7 13:24:37[348078] Illegal unicode area format: U+1F1000-1F6FF
Jul  7 13:27:02[349374] Illegal unicode area format: U+1F1000-1F6FF
Jul  7 13:27:17[349590] Illegal unicode area format: U+1F1000-1F6FF
Jul  7 14:17:50[368378] Illegal unicode area format: U+1F1000-1F6FF
Jul  7 14:18:43[368879] Illegal unicode area format: U+1F1000-1F6FF
Jul  7 15:10:44[382328] Illegal unicode area format: U+1F1000-1F6FF
Jul  7 15:10:52[382447] Illegal unicode area format: U+1F1000-1F6FF
Jul  7 17:30:54[465326] Illegal unicode area format: U+1F1000-1F6FF
Jul  7 17:58:16[475584] Illegal unicode area format: U+1F1000-1F6FF
Jul  7 18:23:23[511405] Illegal unicode area format: U+1F1000-1F6FF
Jul  7 18:32:53[516498] Illegal unicode area format: U+1F1000-1F6FF
Jul  7 18:37:17[518668] Illegal unicode area format: U+1F1000-1F6FF
Jul  7 18:47:55[522463] Illegal unicode area format: U+1F1000-1F6FF
Jul  7 18:49:32[523386] Illegal unicode area format: U+1F1000-1F6FF
Jul  7 19:10:55[528552] Illegal unicode area format: U+1F1000-1F6FF
Jul  7 19:12:27[529132] Illegal unicode area format: U+1F1000-1F6FF
